=== Apply rogue pod (default SA in another namespace) ===
namespace/rogue created
pod/rogue created
=== Wait for rogue pod ready (max 30s) ===
attempt=1 state=Pending
attempt=2 state=Pending
attempt=3 state=Pending
attempt=4 state=Pending
attempt=5 state=Pending
attempt=6 state=Running

=== curl from rogue pod (expected: connection-refused or 403) ===
http=403 time=0.002800s

=== verbose: show why ===
  % Total    % Received % Xferd  Average Speed   Time    Time     Time  Current
                                 Dload  Upload   Total   Spent    Left  Speed
  0     0    0     0    0     0      0      0 --:--:-- --:--:-- --:--:--     0* Host sample-api.labotrack.svc.cluster.local:8080 was resolved.
* IPv6: (none)
* IPv4: 10.102.54.200
*   Trying 10.102.54.200:8080...
* Connected to sample-api.labotrack.svc.cluster.local (10.102.54.200) port 8080
* using HTTP/1.x
> GET /samples HTTP/1.1
> Host: sample-api.labotrack.svc.cluster.local:8080
> User-Agent: curl/8.10.1
> Accept: */*
> 
* Request completely sent off
< HTTP/1.1 403 Forbidden
< content-length: 0
< date: Sat, 02 May 2026 17:00:14 GMT
< 
  0     0    0     0    0     0      0      0 --:--:-- --:--:-- --:--:--     0
* Connection #0 to host sample-api.labotrack.svc.cluster.local left intact

=== cleanup ===
namespace "rogue" deleted
pod "rogue" deleted from rogue namespace
