
################################################################
##  Q1 — Minikube docker driver
################################################################

$ minikube profile list
┌──────────┬────────┬─────────┬──────────────┬─────────┬────────┬───────┬────────────────┬────────────────────┐
│ PROFILE  │ DRIVER │ RUNTIME │      IP      │ VERSION │ STATUS │ NODES │ ACTIVE PROFILE │ ACTIVE KUBECONTEXT │
├──────────┼────────┼─────────┼──────────────┼─────────┼────────┼───────┼────────────────┼────────────────────┤
│ [32mminikube[0m │ [32mdocker[0m │ [32mdocker[0m  │ [32m192.168.58.2[0m │ [32mv1.35.1[0m │ [32mOK[0m     │ [32m1[0m     │ [32m*[0m              │ [32m*[0m                  │
└──────────┴────────┴─────────┴──────────────┴─────────┴────────┴───────┴────────────────┴────────────────────┘

$ minikube config get driver
Error: specified key could not be found in config


################################################################
##  Q2 — Addons list
################################################################

$ minikube addons list 2>&1 | head -30
┌─────────────────────────────┬──────────┬────────────┬────────────────────────────────────────┐
│         ADDON NAME          │ PROFILE  │   STATUS   │               MAINTAINER               │
├─────────────────────────────┼──────────┼────────────┼────────────────────────────────────────┤
│ ambassador                  │ minikube │ disabled   │ 3rd party (Ambassador)                 │
│ amd-gpu-device-plugin       │ minikube │ disabled   │ 3rd party (AMD)                        │
│ auto-pause                  │ minikube │ disabled   │ minikube                               │
│ cloud-spanner               │ minikube │ disabled   │ Google                                 │
│ csi-hostpath-driver         │ minikube │ disabled   │ Kubernetes                             │
│ dashboard                   │ minikube │ disabled   │ Kubernetes                             │
│ [32mdefault-storageclass[0m        │ [32mminikube[0m │ [32menabled ✅[0m │ [32mKubernetes[0m                             │
│ efk                         │ minikube │ disabled   │ 3rd party (Elastic)                    │
│ freshpod                    │ minikube │ disabled   │ Google                                 │
│ gcp-auth                    │ minikube │ disabled   │ Google                                 │
│ gvisor                      │ minikube │ disabled   │ minikube                               │
│ headlamp                    │ minikube │ disabled   │ 3rd party (kinvolk.io)                 │
│ inaccel                     │ minikube │ disabled   │ 3rd party (InAccel [info@inaccel.com]) │
│ ingress                     │ minikube │ disabled   │ Kubernetes                             │
│ ingress-dns                 │ minikube │ disabled   │ minikube                               │
│ inspektor-gadget            │ minikube │ disabled   │ 3rd party (inspektor-gadget.io)        │
│ istio                       │ minikube │ disabled   │ 3rd party (Istio)                      │
│ istio-provisioner           │ minikube │ disabled   │ 3rd party (Istio)                      │
│ kong                        │ minikube │ disabled   │ 3rd party (Kong HQ)                    │
│ kubeflow                    │ minikube │ disabled   │ 3rd party                              │
│ kubetail                    │ minikube │ disabled   │ 3rd party (kubetail.com)               │
│ kubevirt                    │ minikube │ disabled   │ 3rd party (KubeVirt)                   │
│ logviewer                   │ minikube │ disabled   │ 3rd party (unknown)                    │
│ metallb                     │ minikube │ disabled   │ 3rd party (MetalLB)                    │
│ metrics-server              │ minikube │ disabled   │ Kubernetes                             │
│ nvidia-device-plugin        │ minikube │ disabled   │ 3rd party (NVIDIA)                     │
│ nvidia-driver-installer     │ minikube │ disabled   │ 3rd party (NVIDIA)                     │


################################################################
##  Q3 — Enable metrics-server
################################################################

$ minikube addons enable metrics-server
* metrics-server is an addon maintained by Kubernetes. For any concerns contact minikube on GitHub.
You can view the list of minikube maintainers at: https://github.com/kubernetes/minikube/blob/master/OWNERS
  - Using image registry.k8s.io/metrics-server/metrics-server:v0.8.1
* The 'metrics-server' addon is enabled

$ sleep 5 && kubectl top nodes
error: Metrics API not available

$ kubectl top pods -A 2>&1 | head -10
error: Metrics API not available


################################################################
##  Q4 — Active profiles
################################################################

$ minikube profile list
┌──────────┬────────┬─────────┬──────────────┬─────────┬────────┬───────┬────────────────┬────────────────────┐
│ PROFILE  │ DRIVER │ RUNTIME │      IP      │ VERSION │ STATUS │ NODES │ ACTIVE PROFILE │ ACTIVE KUBECONTEXT │
├──────────┼────────┼─────────┼──────────────┼─────────┼────────┼───────┼────────────────┼────────────────────┤
│ [32mminikube[0m │ [32mdocker[0m │ [32mdocker[0m  │ [32m192.168.58.2[0m │ [32mv1.35.1[0m │ [32mOK[0m     │ [32m1[0m     │ [32m*[0m              │ [32m*[0m                  │
└──────────┴────────┴─────────┴──────────────┴─────────┴────────┴───────┴────────────────┴────────────────────┘


################################################################
##  Q5 — Current profile
################################################################

$ minikube profile
* minikube


################################################################
##  Q6 — Profile concept (created in Q11 demo)
################################################################

A profile is an isolated Minikube cluster (own VM/container, kubeconfig, addons).
Created via: minikube start -p <name>

################################################################
##  Q7 — Status
################################################################

$ minikube status
minikube
type: Control Plane
host: Running
kubelet: Running
apiserver: Running
kubeconfig: Configured



################################################################
##  Q8 — Dashboard URL
################################################################

Run "minikube dashboard --url" to get the URL without opening a browser.

################################################################
##  Q10 — Nodes
################################################################

$ kubectl get nodes -o wide
NAME       STATUS   ROLES           AGE   VERSION   INTERNAL-IP    EXTERNAL-IP   OS-IMAGE                         KERNEL-VERSION                     CONTAINER-RUNTIME
minikube   Ready    control-plane   18m   v1.35.1   192.168.58.2   <none>        Debian GNU/Linux 12 (bookworm)   6.6.87.2-microsoft-standard-WSL2   docker://29.2.1

$ minikube node list
minikube	192.168.58.2


################################################################
##  Q12 — Logs
################################################################

$ minikube logs -n 30 2>&1 | tail -30
W0502 17:01:13.202421       1 warnings.go:70] v1 Endpoints is deprecated in v1.33+; use discovery.k8s.io/v1 EndpointSlice
W0502 17:01:15.205095       1 warnings.go:70] v1 Endpoints is deprecated in v1.33+; use discovery.k8s.io/v1 EndpointSlice
W0502 17:01:15.208751       1 warnings.go:70] v1 Endpoints is deprecated in v1.33+; use discovery.k8s.io/v1 EndpointSlice
W0502 17:01:17.211452       1 warnings.go:70] v1 Endpoints is deprecated in v1.33+; use discovery.k8s.io/v1 EndpointSlice
W0502 17:01:17.215678       1 warnings.go:70] v1 Endpoints is deprecated in v1.33+; use discovery.k8s.io/v1 EndpointSlice
W0502 17:01:19.218720       1 warnings.go:70] v1 Endpoints is deprecated in v1.33+; use discovery.k8s.io/v1 EndpointSlice
W0502 17:01:19.224341       1 warnings.go:70] v1 Endpoints is deprecated in v1.33+; use discovery.k8s.io/v1 EndpointSlice
W0502 17:01:21.226819       1 warnings.go:70] v1 Endpoints is deprecated in v1.33+; use discovery.k8s.io/v1 EndpointSlice
W0502 17:01:21.230111       1 warnings.go:70] v1 Endpoints is deprecated in v1.33+; use discovery.k8s.io/v1 EndpointSlice
W0502 17:01:23.232904       1 warnings.go:70] v1 Endpoints is deprecated in v1.33+; use discovery.k8s.io/v1 EndpointSlice
W0502 17:01:23.238308       1 warnings.go:70] v1 Endpoints is deprecated in v1.33+; use discovery.k8s.io/v1 EndpointSlice
W0502 17:01:25.241252       1 warnings.go:70] v1 Endpoints is deprecated in v1.33+; use discovery.k8s.io/v1 EndpointSlice
W0502 17:01:25.244572       1 warnings.go:70] v1 Endpoints is deprecated in v1.33+; use discovery.k8s.io/v1 EndpointSlice
W0502 17:01:27.247126       1 warnings.go:70] v1 Endpoints is deprecated in v1.33+; use discovery.k8s.io/v1 EndpointSlice
W0502 17:01:27.252585       1 warnings.go:70] v1 Endpoints is deprecated in v1.33+; use discovery.k8s.io/v1 EndpointSlice
W0502 17:01:29.255611       1 warnings.go:70] v1 Endpoints is deprecated in v1.33+; use discovery.k8s.io/v1 EndpointSlice
W0502 17:01:29.258865       1 warnings.go:70] v1 Endpoints is deprecated in v1.33+; use discovery.k8s.io/v1 EndpointSlice
W0502 17:01:31.261527       1 warnings.go:70] v1 Endpoints is deprecated in v1.33+; use discovery.k8s.io/v1 EndpointSlice
W0502 17:01:31.265408       1 warnings.go:70] v1 Endpoints is deprecated in v1.33+; use discovery.k8s.io/v1 EndpointSlice
W0502 17:01:33.268195       1 warnings.go:70] v1 Endpoints is deprecated in v1.33+; use discovery.k8s.io/v1 EndpointSlice
W0502 17:01:33.273332       1 warnings.go:70] v1 Endpoints is deprecated in v1.33+; use discovery.k8s.io/v1 EndpointSlice
W0502 17:01:35.276071       1 warnings.go:70] v1 Endpoints is deprecated in v1.33+; use discovery.k8s.io/v1 EndpointSlice
W0502 17:01:35.279313       1 warnings.go:70] v1 Endpoints is deprecated in v1.33+; use discovery.k8s.io/v1 EndpointSlice
W0502 17:01:37.281852       1 warnings.go:70] v1 Endpoints is deprecated in v1.33+; use discovery.k8s.io/v1 EndpointSlice
W0502 17:01:37.287119       1 warnings.go:70] v1 Endpoints is deprecated in v1.33+; use discovery.k8s.io/v1 EndpointSlice
W0502 17:01:39.262681       1 warnings.go:70] v1 Endpoints is deprecated in v1.33+; use discovery.k8s.io/v1 EndpointSlice
W0502 17:01:39.266168       1 warnings.go:70] v1 Endpoints is deprecated in v1.33+; use discovery.k8s.io/v1 EndpointSlice
W0502 17:01:41.268612       1 warnings.go:70] v1 Endpoints is deprecated in v1.33+; use discovery.k8s.io/v1 EndpointSlice
W0502 17:01:41.275172       1 warnings.go:70] v1 Endpoints is deprecated in v1.33+; use discovery.k8s.io/v1 EndpointSlice



################################################################
##  Q13 — Images in cluster
################################################################

$ minikube image ls 2>&1 | head -20
registry.k8s.io/pause:3.10.1
registry.k8s.io/kube-scheduler:v1.35.1
registry.k8s.io/kube-proxy:v1.35.1
registry.k8s.io/kube-controller-manager:v1.35.1
registry.k8s.io/kube-apiserver:v1.35.1
registry.k8s.io/etcd:3.6.6-0
registry.k8s.io/coredns/coredns:v1.13.1
localhost:5000/sample-api:1.0
localhost:5000/result-frontend:1.0
localhost:5000/analysis-api:1.0
gcr.io/k8s-minikube/storage-provisioner:v5
docker.io/prom/prometheus:v2.55.1
docker.io/library/sample-api:1.0
docker.io/library/result-frontend:1.0
docker.io/library/postgres:16
docker.io/library/maven:3.9-eclipse-temurin-21
docker.io/library/eclipse-temurin:21-jre
docker.io/library/analysis-api:1.0
docker.io/curlimages/curl:latest
docker.io/curlimages/curl:8.10.1

$ kubectl get pods -A -o jsonpath='{..image}' | tr ' ' '\n' | sort -u | head -30
analysis-api:1.0
cr.l5d.io/linkerd/controller:edge-26.5.1
cr.l5d.io/linkerd/metrics-api:edge-26.5.1
cr.l5d.io/linkerd/proxy:edge-26.5.1
cr.l5d.io/linkerd/tap:edge-26.5.1
cr.l5d.io/linkerd/web:edge-26.5.1
curlimages/curl
curlimages/curl:latest
gcr.io/k8s-minikube/storage-provisioner:v5
localhost:5000/analysis-api:1.0
localhost:5000/result-frontend:1.0
localhost:5000/sample-api:1.0
postgres:16
prom/prometheus:v2.55.1
registry.k8s.io/coredns/coredns:v1.13.1
registry.k8s.io/etcd:3.6.6-0
registry.k8s.io/kube-apiserver:v1.35.1
registry.k8s.io/kube-controller-manager:v1.35.1
registry.k8s.io/kube-proxy:v1.35.1
registry.k8s.io/kube-scheduler:v1.35.1
registry.k8s.io/metrics-server/metrics-server:v0.8.1@sha256:b2d2efaf5ac3b366ed0f839d2412a2c4279d4fc2a2a733f12c52133faed36c41
registry.k8s.io/metrics-server/metrics-server@sha256:b2d2efaf5ac3b366ed0f839d2412a2c4279d4fc2a2a733f12c52133faed36c41
result-frontend:1.0
sample-api:1.0


################################################################
##  Q14-Q20 — nginx demo
################################################################

Q14 — kubectl create deployment nginx --image=nginx
deployment.apps/nginx created

Q15 — kubectl expose deployment nginx --port=80 --type=NodePort
service/nginx exposed

Q16 — pod=nginx-56c45fd5ff-sdl6k
Name:             nginx-56c45fd5ff-sdl6k
Namespace:        default
Priority:         0
Service Account:  default
Node:             minikube/192.168.58.2
Start Time:       Sat, 02 May 2026 19:01:43 +0200
Labels:           app=nginx
                  pod-template-hash=56c45fd5ff
Annotations:      <none>
Status:           Running
IP:               10.244.0.28
IPs:
  IP:           10.244.0.28
Controlled By:  ReplicaSet/nginx-56c45fd5ff
Containers:
  nginx:
    Container ID:   docker://54fcb8437124c99b7f6aa451634b3e163176d9a91db08d12592517742e85f75e
    Image:          nginx
    Image ID:       docker-pullable://nginx@sha256:6e23479198b998e5e25921dff8455837c7636a67111a04a635cf1bb363d199dc
    Port:           <none>
    Host Port:      <none>
    State:          Running
      Started:      Sat, 02 May 2026 19:01:50 +0200
    Ready:          True
    Restart Count:  0

Name:                     nginx
Namespace:                default
Labels:                   app=nginx
Annotations:              <none>
Selector:                 app=nginx
Type:                     NodePort
IP Family Policy:         SingleStack
IP Families:              IPv4
IP:                       10.98.157.176
IPs:                      10.98.157.176
Port:                     <unset>  80/TCP
TargetPort:               80/TCP
NodePort:                 <unset>  32475/TCP
Endpoints:                10.244.0.28:80
Session Affinity:         None
External Traffic Policy:  Cluster
Internal Traffic Policy:  Cluster
Events:                   <none>

Q17 — service URL
http://127.0.0.1:33295
! Because you are using a Docker driver on linux, the terminal needs to be open to run it.
